GAS LISTING C:\Users\Armin\AppData\Local\Temp\cc7g4YzU.s 			page 1


   1               		.file	"oddebug.c"
   2               	__SP_H__ = 0x3e
   3               	__SP_L__ = 0x3d
   4               	__SREG__ = 0x3f
   5               	__tmp_reg__ = 0
   6               	__zero_reg__ = 1
   7               		.text
   8               	.Ltext0:
   9               		.cfi_sections	.debug_frame
  10               	.Letext0:
  11               		.section	.debug_info,"",@progbits
  12               	.Ldebug_info0:
  13 0000 5200 0000 		.long	0x52
  14 0004 0200      		.word	0x2
  15 0006 0000 0000 		.long	.Ldebug_abbrev0
  16 000a 04        		.byte	0x4
  17 000b 01        		.uleb128 0x1
  18 000c 0000 0000 		.long	.LASF7
  19 0010 0C        		.byte	0xc
  20 0011 0000 0000 		.long	.LASF8
  21 0015 0000 0000 		.long	.LASF9
  22 0019 0000 0000 		.long	.Ldebug_line0
  23 001d 02        		.uleb128 0x2
  24 001e 01        		.byte	0x1
  25 001f 06        		.byte	0x6
  26 0020 0000 0000 		.long	.LASF0
  27 0024 02        		.uleb128 0x2
  28 0025 01        		.byte	0x1
  29 0026 08        		.byte	0x8
  30 0027 0000 0000 		.long	.LASF1
  31 002b 03        		.uleb128 0x3
  32 002c 02        		.byte	0x2
  33 002d 05        		.byte	0x5
  34 002e 696E 7400 		.string	"int"
  35 0032 02        		.uleb128 0x2
  36 0033 02        		.byte	0x2
  37 0034 07        		.byte	0x7
  38 0035 0000 0000 		.long	.LASF2
  39 0039 02        		.uleb128 0x2
  40 003a 04        		.byte	0x4
  41 003b 05        		.byte	0x5
  42 003c 0000 0000 		.long	.LASF3
  43 0040 02        		.uleb128 0x2
  44 0041 04        		.byte	0x4
  45 0042 07        		.byte	0x7
  46 0043 0000 0000 		.long	.LASF4
  47 0047 02        		.uleb128 0x2
  48 0048 08        		.byte	0x8
  49 0049 05        		.byte	0x5
  50 004a 0000 0000 		.long	.LASF5
  51 004e 02        		.uleb128 0x2
  52 004f 08        		.byte	0x8
  53 0050 07        		.byte	0x7
  54 0051 0000 0000 		.long	.LASF6
  55 0055 00        		.byte	0
  56               		.section	.debug_abbrev,"",@progbits
  57               	.Ldebug_abbrev0:
GAS LISTING C:\Users\Armin\AppData\Local\Temp\cc7g4YzU.s 			page 2


  58 0000 01        		.uleb128 0x1
  59 0001 11        		.uleb128 0x11
  60 0002 01        		.byte	0x1
  61 0003 25        		.uleb128 0x25
  62 0004 0E        		.uleb128 0xe
  63 0005 13        		.uleb128 0x13
  64 0006 0B        		.uleb128 0xb
  65 0007 03        		.uleb128 0x3
  66 0008 0E        		.uleb128 0xe
  67 0009 1B        		.uleb128 0x1b
  68 000a 0E        		.uleb128 0xe
  69 000b 10        		.uleb128 0x10
  70 000c 06        		.uleb128 0x6
  71 000d 00        		.byte	0
  72 000e 00        		.byte	0
  73 000f 02        		.uleb128 0x2
  74 0010 24        		.uleb128 0x24
  75 0011 00        		.byte	0
  76 0012 0B        		.uleb128 0xb
  77 0013 0B        		.uleb128 0xb
  78 0014 3E        		.uleb128 0x3e
  79 0015 0B        		.uleb128 0xb
  80 0016 03        		.uleb128 0x3
  81 0017 0E        		.uleb128 0xe
  82 0018 00        		.byte	0
  83 0019 00        		.byte	0
  84 001a 03        		.uleb128 0x3
  85 001b 24        		.uleb128 0x24
  86 001c 00        		.byte	0
  87 001d 0B        		.uleb128 0xb
  88 001e 0B        		.uleb128 0xb
  89 001f 3E        		.uleb128 0x3e
  90 0020 0B        		.uleb128 0xb
  91 0021 03        		.uleb128 0x3
  92 0022 08        		.uleb128 0x8
  93 0023 00        		.byte	0
  94 0024 00        		.byte	0
  95 0025 00        		.byte	0
  96               		.section	.debug_aranges,"",@progbits
  97 0000 1400 0000 		.long	0x14
  98 0004 0200      		.word	0x2
  99 0006 0000 0000 		.long	.Ldebug_info0
 100 000a 04        		.byte	0x4
 101 000b 00        		.byte	0
 102 000c 0000      		.word	0
 103 000e 0000      		.word	0
 104 0010 0000 0000 		.long	0
 105 0014 0000 0000 		.long	0
 106               		.section	.debug_line,"",@progbits
 107               	.Ldebug_line0:
 108 0000 1600 0000 		.section	.debug_str,"MS",@progbits,1
 108      0200 1000 
 108      0000 0201 
 108      FB0E 0A00 
 108      0101 0101 
 109               	.LASF2:
 110 0000 756E 7369 		.string	"unsigned int"
GAS LISTING C:\Users\Armin\AppData\Local\Temp\cc7g4YzU.s 			page 3


 110      676E 6564 
 110      2069 6E74 
 110      00
 111               	.LASF4:
 112 000d 6C6F 6E67 		.string	"long unsigned int"
 112      2075 6E73 
 112      6967 6E65 
 112      6420 696E 
 112      7400 
 113               	.LASF8:
 114 001f 7573 6264 		.string	"usbdrv/oddebug.c"
 114      7276 2F6F 
 114      6464 6562 
 114      7567 2E63 
 114      00
 115               	.LASF7:
 116 0030 474E 5520 		.string	"GNU C11 7.3.0 -mn-flash=1 -mno-skip-bug -mmcu=avr25 -g2 -Os -ffunction-sections -fdata-se
 116      4331 3120 
 116      372E 332E 
 116      3020 2D6D 
 116      6E2D 666C 
 117               	.LASF0:
 118 00e9 7369 676E 		.string	"signed char"
 118      6564 2063 
 118      6861 7200 
 119               	.LASF6:
 120 00f5 6C6F 6E67 		.string	"long long unsigned int"
 120      206C 6F6E 
 120      6720 756E 
 120      7369 676E 
 120      6564 2069 
 121               	.LASF1:
 122 010c 756E 7369 		.string	"unsigned char"
 122      676E 6564 
 122      2063 6861 
 122      7200 
 123               	.LASF3:
 124 011a 6C6F 6E67 		.string	"long int"
 124      2069 6E74 
 124      00
 125               	.LASF9:
 126 0123 453A 5C57 		.string	"E:\\WORKSPACE_ARDUINO\\micronucleus-firmware\\firmware"
 126      4F52 4B53 
 126      5041 4345 
 126      5F41 5244 
 126      5549 4E4F 
 127               	.LASF5:
 128 0157 6C6F 6E67 		.string	"long long int"
 128      206C 6F6E 
 128      6720 696E 
 128      7400 
 129               		.ident	"GCC: (GNU) 7.3.0"
GAS LISTING C:\Users\Armin\AppData\Local\Temp\cc7g4YzU.s 			page 4


DEFINED SYMBOLS
                            *ABS*:00000000 oddebug.c
C:\Users\Armin\AppData\Local\Temp\cc7g4YzU.s:2      *ABS*:0000003e __SP_H__
C:\Users\Armin\AppData\Local\Temp\cc7g4YzU.s:3      *ABS*:0000003d __SP_L__
C:\Users\Armin\AppData\Local\Temp\cc7g4YzU.s:4      *ABS*:0000003f __SREG__
C:\Users\Armin\AppData\Local\Temp\cc7g4YzU.s:5      *ABS*:00000000 __tmp_reg__
C:\Users\Armin\AppData\Local\Temp\cc7g4YzU.s:6      *ABS*:00000001 __zero_reg__

NO UNDEFINED SYMBOLS
