Building Micronucleus configuration: BitBoss 
Size of binary hexfile. Use the "data" size to calculate the bootloader address: 
   text	   data	    bss	    dec	    hex	filename
      0	   1602	      0	   1602	    642	main.hex
- 
Building Micronucleus configuration: m168p_extclock 
Size of binary hexfile. Use the "data" size to calculate the bootloader address: 
   text	   data	    bss	    dec	    hex	filename
      0	   1434	      0	   1434	    59a	main.hex
- 
Building Micronucleus configuration: m328p_extclock 
Size of binary hexfile. Use the "data" size to calculate the bootloader address: 
   text	   data	    bss	    dec	    hex	filename
      0	   1434	      0	   1434	    59a	main.hex
- 
Building Micronucleus configuration: Nanite841 
Size of binary hexfile. Use the "data" size to calculate the bootloader address: 
   text	   data	    bss	    dec	    hex	filename
      0	   1604	      0	   1604	    644	main.hex
- 
Building Micronucleus configuration: t167_default 
Size of binary hexfile. Use the "data" size to calculate the bootloader address: 
   text	   data	    bss	    dec	    hex	filename
      0	   1390	      0	   1390	    56e	main.hex
- 
Building Micronucleus configuration: t167_entry_on_power_on_no_pullup 
Size of binary hexfile. Use the "data" size to calculate the bootloader address: 
   text	   data	    bss	    dec	    hex	filename
      0	   1428	      0	   1428	    594	main.hex
- 
Building Micronucleus configuration: t167_entry_on_power_on_no_pullup_fast_exit_on_no_USB 
Size of binary hexfile. Use the "data" size to calculate the bootloader address: 
   text	   data	    bss	    dec	    hex	filename
      0	   1436	      0	   1436	    59c	main.hex
- 
Building Micronucleus configuration: t167_entry_on_reset_no_pullup 
Size of binary hexfile. Use the "data" size to calculate the bootloader address: 
   text	   data	    bss	    dec	    hex	filename
      0	   1436	      0	   1436	    59c	main.hex
- 
Building Micronucleus configuration: t45_default 
Size of binary hexfile. Use the "data" size to calculate the bootloader address: 
   text	   data	    bss	    dec	    hex	filename
      0	   1584	      0	   1584	    630	main.hex
- 
Building Micronucleus configuration: t841_default 
Size of binary hexfile. Use the "data" size to calculate the bootloader address: 
   text	   data	    bss	    dec	    hex	filename
      0	   1584	      0	   1584	    630	main.hex
- 
Building Micronucleus configuration: t84_default 
Size of binary hexfile. Use the "data" size to calculate the bootloader address: 
   text	   data	    bss	    dec	    hex	filename
      0	   1530	      0	   1530	    5fa	main.hex
- 
Building Micronucleus configuration: t85_aggressive 
Size of binary hexfile. Use the "data" size to calculate the bootloader address: 
   text	   data	    bss	    dec	    hex	filename
      0	   1414	      0	   1414	    586	main.hex
- 
Building Micronucleus configuration: t85_default 
Size of binary hexfile. Use the "data" size to calculate the bootloader address: 
   text	   data	    bss	    dec	    hex	filename
      0	   1584	      0	   1584	    630	main.hex
- 
Building Micronucleus configuration: t85_entry_on_power_on 
Size of binary hexfile. Use the "data" size to calculate the bootloader address: 
   text	   data	    bss	    dec	    hex	filename
      0	   1592	      0	   1592	    638	main.hex
- 
Building Micronucleus configuration: t85_entry_on_power_on_no_pullup 
Size of binary hexfile. Use the "data" size to calculate the bootloader address: 
   text	   data	    bss	    dec	    hex	filename
      0	   1636	      0	   1636	    664	main.hex
- 
Building Micronucleus configuration: t85_entry_on_power_on_no_pullup_fast_exit_on_no_USB 
Size of binary hexfile. Use the "data" size to calculate the bootloader address: 
   text	   data	    bss	    dec	    hex	filename
      0	   1644	      0	   1644	    66c	main.hex
- 
Building Micronucleus configuration: t85_entry_on_power_on_pullup_at_0 
Size of binary hexfile. Use the "data" size to calculate the bootloader address: 
   text	   data	    bss	    dec	    hex	filename
      0	   1598	      0	   1598	    63e	main.hex
- 
Building Micronucleus configuration: t85_entry_on_reset_no_pullup 
Size of binary hexfile. Use the "data" size to calculate the bootloader address: 
   text	   data	    bss	    dec	    hex	filename
      0	   1642	      0	   1642	    66a	main.hex
- 
Building Micronucleus configuration: t85_fast_exit_on_no_USB 
Size of binary hexfile. Use the "data" size to calculate the bootloader address: 
   text	   data	    bss	    dec	    hex	filename
      0	   1592	      0	   1592	    638	main.hex
- 
